<?xml version="1.0" encoding="UTF-8"?>
<testng-results ignored="0" total="8" passed="8" failed="0" skipped="0">
  <reporter-output>
  </reporter-output>
  <suite started-at="2020-04-12T00:38:57 IST" name="testNG" finished-at="2020-04-12T00:39:52 IST" duration-ms="55548">
    <groups>
    </groups>
    <test started-at="2020-04-12T00:38:57 IST" name="LoginTest" finished-at="2020-04-12T00:39:19 IST" duration-ms="22838">
      <class name="login.LoginTest">
        <test-method is-config="true" signature="launchBrowser()[pri:0, instance:login.LoginTest@28f3b248]" started-at="2020-04-12T00:38:57 IST" name="launchBrowser" finished-at="2020-04-12T00:39:06 IST" duration-ms="9090" status="PASS">
          <reporter-output>
          </reporter-output>
        </test-method> <!-- launchBrowser -->
        <test-method is-config="true" signature="beforeClass()[pri:0, instance:login.LoginTest@28f3b248]" started-at="2020-04-12T00:39:06 IST" name="beforeClass" finished-at="2020-04-12T00:39:09 IST" duration-ms="3027" status="PASS">
          <reporter-output>
          </reporter-output>
        </test-method> <!-- beforeClass -->
        <test-method signature="loginTest(java.lang.String, java.lang.String, java.lang.String)[pri:0, instance:login.LoginTest@28f3b248]" started-at="2020-04-12T00:39:09 IST" name="loginTest" data-provider="testData" finished-at="2020-04-12T00:39:14 IST" duration-ms="5500" status="PASS">
          <params>
            <param index="0">
              <value>
                <![CDATA[vinod]]>
              </value>
            </param>
            <param index="1">
              <value>
                <![CDATA[tester123]]>
              </value>
            </param>
            <param index="2">
              <value>
                <![CDATA[Y]]>
              </value>
            </param>
          </params>
          <reporter-output>
          </reporter-output>
        </test-method> <!-- loginTest -->
        <test-method signature="loginTest(java.lang.String, java.lang.String, java.lang.String)[pri:0, instance:login.LoginTest@28f3b248]" started-at="2020-04-12T00:39:14 IST" name="loginTest" data-provider="testData" finished-at="2020-04-12T00:39:19 IST" duration-ms="4598" status="PASS">
          <params>
            <param index="0">
              <value>
                <![CDATA[vinod]]>
              </value>
            </param>
            <param index="1">
              <value>
                <![CDATA[tester123]]>
              </value>
            </param>
            <param index="2">
              <value>
                <![CDATA[Y]]>
              </value>
            </param>
          </params>
          <reporter-output>
          </reporter-output>
        </test-method> <!-- loginTest -->
        <test-method is-config="true" signature="closeBrowser()[pri:0, instance:login.LoginTest@28f3b248]" started-at="2020-04-12T00:39:19 IST" name="closeBrowser" finished-at="2020-04-12T00:39:19 IST" duration-ms="591" status="PASS">
          <reporter-output>
          </reporter-output>
        </test-method> <!-- closeBrowser -->
      </class> <!-- login.LoginTest -->
    </test> <!-- LoginTest -->
    <test started-at="2020-04-12T00:39:19 IST" name="CreatesClients" finished-at="2020-04-12T00:39:52 IST" duration-ms="32703">
      <class name="clients.CreatesClients">
        <test-method is-config="true" signature="launchBrowser()[pri:0, instance:clients.CreatesClients@78123e82]" started-at="2020-04-12T00:39:19 IST" name="launchBrowser" finished-at="2020-04-12T00:39:29 IST" duration-ms="9097" status="PASS">
          <reporter-output>
          </reporter-output>
        </test-method> <!-- launchBrowser -->
        <test-method is-config="true" signature="beforeClass()[pri:0, instance:clients.CreatesClients@78123e82]" started-at="2020-04-12T00:39:29 IST" name="beforeClass" finished-at="2020-04-12T00:39:32 IST" duration-ms="3841" status="PASS">
          <reporter-output>
          </reporter-output>
        </test-method> <!-- beforeClass -->
        <test-method signature="testCreateClient(java.lang.String, java.lang.String, java.lang.String, java.lang.String, java.lang.String, java.lang.String, java.lang.String, java.lang.String, java.lang.String, java.lang.String)[pri:0, instance:clients.CreatesClients@78123e82]" started-at="2020-04-12T00:39:32 IST" name="testCreateClient" data-provider="testData" finished-at="2020-04-12T00:39:43 IST" duration-ms="10811" status="PASS">
          <params>
            <param index="0">
              <value>
                <![CDATA[vinod]]>
              </value>
            </param>
            <param index="1">
              <value>
                <![CDATA[tester123]]>
              </value>
            </param>
            <param index="2">
              <value>
                <![CDATA[Amritha]]>
              </value>
            </param>
            <param index="3">
              <value>
                <![CDATA[Ernakulam]]>
              </value>
            </param>
            <param index="4">
              <value>
                <![CDATA[682011]]>
              </value>
            </param>
            <param index="5">
              <value>
                <![CDATA[Kerala]]>
              </value>
            </param>
            <param index="6">
              <value>
                <![CDATA[1999999990]]>
              </value>
            </param>
            <param index="7">
              <value>
                <![CDATA[amritha@gmail.com]]>
              </value>
            </param>
            <param index="8">
              <value>
                <![CDATA[truea]]>
              </value>
            </param>
            <param index="9">
              <value>
                <![CDATA[Y]]>
              </value>
            </param>
          </params>
          <reporter-output>
          </reporter-output>
        </test-method> <!-- testCreateClient -->
        <test-method signature="testCreateClient(java.lang.String, java.lang.String, java.lang.String, java.lang.String, java.lang.String, java.lang.String, java.lang.String, java.lang.String, java.lang.String, java.lang.String)[pri:0, instance:clients.CreatesClients@78123e82]" started-at="2020-04-12T00:39:43 IST" name="testCreateClient" data-provider="testData" finished-at="2020-04-12T00:39:52 IST" duration-ms="8325" status="PASS">
          <params>
            <param index="0">
              <value>
                <![CDATA[vinod]]>
              </value>
            </param>
            <param index="1">
              <value>
                <![CDATA[tester123]]>
              </value>
            </param>
            <param index="2">
              <value>
                <![CDATA[Sajeesh]]>
              </value>
            </param>
            <param index="3">
              <value>
                <![CDATA[Trivandrum]]>
              </value>
            </param>
            <param index="4">
              <value>
                <![CDATA[695306]]>
              </value>
            </param>
            <param index="5">
              <value>
                <![CDATA[Kerala]]>
              </value>
            </param>
            <param index="6">
              <value>
                <![CDATA[2000000001]]>
              </value>
            </param>
            <param index="7">
              <value>
                <![CDATA[sajeesh@gmail.com]]>
              </value>
            </param>
            <param index="8">
              <value>
                <![CDATA[truea]]>
              </value>
            </param>
            <param index="9">
              <value>
                <![CDATA[Y]]>
              </value>
            </param>
          </params>
          <reporter-output>
          </reporter-output>
        </test-method> <!-- testCreateClient -->
        <test-method is-config="true" signature="closeBrowser()[pri:0, instance:clients.CreatesClients@78123e82]" started-at="2020-04-12T00:39:52 IST" name="closeBrowser" finished-at="2020-04-12T00:39:52 IST" duration-ms="597" status="PASS">
          <reporter-output>
          </reporter-output>
        </test-method> <!-- closeBrowser -->
      </class> <!-- clients.CreatesClients -->
    </test> <!-- CreatesClients -->
  </suite> <!-- testNG -->
  <suite started-at="2020-04-12T00:38:02 IST" name="Regression Suite" finished-at="2020-04-12T00:38:57 IST" duration-ms="54493">
    <groups>
    </groups>
    <test started-at="2020-04-12T00:38:02 IST" name="LoginTest" finished-at="2020-04-12T00:38:26 IST" duration-ms="24151">
      <class name="login.LoginTest">
        <test-method is-config="true" signature="launchBrowser()[pri:0, instance:login.LoginTest@6c130c45]" started-at="2020-04-12T00:38:02 IST" name="launchBrowser" finished-at="2020-04-12T00:38:12 IST" duration-ms="9586" status="PASS">
          <reporter-output>
          </reporter-output>
        </test-method> <!-- launchBrowser -->
        <test-method is-config="true" signature="beforeClass()[pri:0, instance:login.LoginTest@6c130c45]" started-at="2020-04-12T00:38:12 IST" name="beforeClass" finished-at="2020-04-12T00:38:15 IST" duration-ms="3190" status="PASS">
          <reporter-output>
          </reporter-output>
        </test-method> <!-- beforeClass -->
        <test-method signature="loginTest(java.lang.String, java.lang.String, java.lang.String)[pri:0, instance:login.LoginTest@6c130c45]" started-at="2020-04-12T00:38:15 IST" name="loginTest" data-provider="testData" finished-at="2020-04-12T00:38:21 IST" duration-ms="6154" status="PASS">
          <params>
            <param index="0">
              <value>
                <![CDATA[vinod]]>
              </value>
            </param>
            <param index="1">
              <value>
                <![CDATA[tester123]]>
              </value>
            </param>
            <param index="2">
              <value>
                <![CDATA[Y]]>
              </value>
            </param>
          </params>
          <reporter-output>
          </reporter-output>
        </test-method> <!-- loginTest -->
        <test-method signature="loginTest(java.lang.String, java.lang.String, java.lang.String)[pri:0, instance:login.LoginTest@6c130c45]" started-at="2020-04-12T00:38:21 IST" name="loginTest" data-provider="testData" finished-at="2020-04-12T00:38:26 IST" duration-ms="4212" status="PASS">
          <params>
            <param index="0">
              <value>
                <![CDATA[vinod]]>
              </value>
            </param>
            <param index="1">
              <value>
                <![CDATA[tester123]]>
              </value>
            </param>
            <param index="2">
              <value>
                <![CDATA[Y]]>
              </value>
            </param>
          </params>
          <reporter-output>
          </reporter-output>
        </test-method> <!-- loginTest -->
        <test-method is-config="true" signature="closeBrowser()[pri:0, instance:login.LoginTest@6c130c45]" started-at="2020-04-12T00:38:26 IST" name="closeBrowser" finished-at="2020-04-12T00:38:26 IST" duration-ms="596" status="PASS">
          <reporter-output>
          </reporter-output>
        </test-method> <!-- closeBrowser -->
      </class> <!-- login.LoginTest -->
    </test> <!-- LoginTest -->
    <test started-at="2020-04-12T00:38:26 IST" name="CreatesClients" finished-at="2020-04-12T00:38:57 IST" duration-ms="30314">
      <class name="clients.CreatesClients">
        <test-method is-config="true" signature="launchBrowser()[pri:0, instance:clients.CreatesClients@4d5b6aac]" started-at="2020-04-12T00:38:26 IST" name="launchBrowser" finished-at="2020-04-12T00:38:35 IST" duration-ms="9185" status="PASS">
          <reporter-output>
          </reporter-output>
        </test-method> <!-- launchBrowser -->
        <test-method is-config="true" signature="beforeClass()[pri:0, instance:clients.CreatesClients@4d5b6aac]" started-at="2020-04-12T00:38:35 IST" name="beforeClass" finished-at="2020-04-12T00:38:39 IST" duration-ms="3097" status="PASS">
          <reporter-output>
          </reporter-output>
        </test-method> <!-- beforeClass -->
        <test-method signature="testCreateClient(java.lang.String, java.lang.String, java.lang.String, java.lang.String, java.lang.String, java.lang.String, java.lang.String, java.lang.String, java.lang.String, java.lang.String)[pri:0, instance:clients.CreatesClients@4d5b6aac]" started-at="2020-04-12T00:38:39 IST" name="testCreateClient" data-provider="testData" finished-at="2020-04-12T00:38:49 IST" duration-ms="9944" status="PASS">
          <params>
            <param index="0">
              <value>
                <![CDATA[vinod]]>
              </value>
            </param>
            <param index="1">
              <value>
                <![CDATA[tester123]]>
              </value>
            </param>
            <param index="2">
              <value>
                <![CDATA[Amritha]]>
              </value>
            </param>
            <param index="3">
              <value>
                <![CDATA[Ernakulam]]>
              </value>
            </param>
            <param index="4">
              <value>
                <![CDATA[682011]]>
              </value>
            </param>
            <param index="5">
              <value>
                <![CDATA[Kerala]]>
              </value>
            </param>
            <param index="6">
              <value>
                <![CDATA[1999999990]]>
              </value>
            </param>
            <param index="7">
              <value>
                <![CDATA[amritha@gmail.com]]>
              </value>
            </param>
            <param index="8">
              <value>
                <![CDATA[truea]]>
              </value>
            </param>
            <param index="9">
              <value>
                <![CDATA[Y]]>
              </value>
            </param>
          </params>
          <reporter-output>
          </reporter-output>
        </test-method> <!-- testCreateClient -->
        <test-method signature="testCreateClient(java.lang.String, java.lang.String, java.lang.String, java.lang.String, java.lang.String, java.lang.String, java.lang.String, java.lang.String, java.lang.String, java.lang.String)[pri:0, instance:clients.CreatesClients@4d5b6aac]" started-at="2020-04-12T00:38:49 IST" name="testCreateClient" data-provider="testData" finished-at="2020-04-12T00:38:56 IST" duration-ms="7429" status="PASS">
          <params>
            <param index="0">
              <value>
                <![CDATA[vinod]]>
              </value>
            </param>
            <param index="1">
              <value>
                <![CDATA[tester123]]>
              </value>
            </param>
            <param index="2">
              <value>
                <![CDATA[Sajeesh]]>
              </value>
            </param>
            <param index="3">
              <value>
                <![CDATA[Trivandrum]]>
              </value>
            </param>
            <param index="4">
              <value>
                <![CDATA[695306]]>
              </value>
            </param>
            <param index="5">
              <value>
                <![CDATA[Kerala]]>
              </value>
            </param>
            <param index="6">
              <value>
                <![CDATA[2000000001]]>
              </value>
            </param>
            <param index="7">
              <value>
                <![CDATA[sajeesh@gmail.com]]>
              </value>
            </param>
            <param index="8">
              <value>
                <![CDATA[truea]]>
              </value>
            </param>
            <param index="9">
              <value>
                <![CDATA[Y]]>
              </value>
            </param>
          </params>
          <reporter-output>
          </reporter-output>
        </test-method> <!-- testCreateClient -->
        <test-method is-config="true" signature="closeBrowser()[pri:0, instance:clients.CreatesClients@4d5b6aac]" started-at="2020-04-12T00:38:56 IST" name="closeBrowser" finished-at="2020-04-12T00:38:57 IST" duration-ms="598" status="PASS">
          <reporter-output>
          </reporter-output>
        </test-method> <!-- closeBrowser -->
      </class> <!-- clients.CreatesClients -->
    </test> <!-- CreatesClients -->
  </suite> <!-- Regression Suite -->
</testng-results>
