<?xml version="1.0" encoding="UTF-8"?>
<testng-results ignored="0" total="2" passed="2" failed="0" skipped="0">
  <reporter-output>
  </reporter-output>
  <suite started-at="2020-04-08T00:13:43 IST" name="Surefire suite" finished-at="2020-04-08T00:14:10 IST" duration-ms="26406">
    <groups>
    </groups>
    <test started-at="2020-04-08T00:13:43 IST" name="Surefire test" finished-at="2020-04-08T00:14:10 IST" duration-ms="26406">
      <class name="login.LoginTest">
        <test-method is-config="true" signature="launchBrowser()[pri:0, instance:login.LoginTest@58ea606c]" started-at="2020-04-08T00:13:43 IST" name="launchBrowser" finished-at="2020-04-08T00:13:53 IST" duration-ms="9589" status="PASS">
          <reporter-output>
          </reporter-output>
        </test-method> <!-- launchBrowser -->
        <test-method is-config="true" signature="beforeClass()[pri:0, instance:login.LoginTest@58ea606c]" started-at="2020-04-08T00:13:53 IST" name="beforeClass" finished-at="2020-04-08T00:13:58 IST" duration-ms="4808" status="PASS">
          <reporter-output>
          </reporter-output>
        </test-method> <!-- beforeClass -->
        <test-method signature="loginTest(java.lang.String, java.lang.String, java.lang.String)[pri:0, instance:login.LoginTest@58ea606c]" started-at="2020-04-08T00:13:58 IST" name="loginTest" data-provider="testData" finished-at="2020-04-08T00:14:05 IST" duration-ms="6810" status="PASS">
          <params>
            <param index="0">
              <value>
                <![CDATA[vinod]]>
              </value>
            </param>
            <param index="1">
              <value>
                <![CDATA[tester123]]>
              </value>
            </param>
            <param index="2">
              <value>
                <![CDATA[Y]]>
              </value>
            </param>
          </params>
          <reporter-output>
          </reporter-output>
        </test-method> <!-- loginTest -->
        <test-method signature="loginTest(java.lang.String, java.lang.String, java.lang.String)[pri:0, instance:login.LoginTest@58ea606c]" started-at="2020-04-08T00:14:05 IST" name="loginTest" data-provider="testData" finished-at="2020-04-08T00:14:09 IST" duration-ms="4172" status="PASS">
          <params>
            <param index="0">
              <value>
                <![CDATA[vinod]]>
              </value>
            </param>
            <param index="1">
              <value>
                <![CDATA[tester123]]>
              </value>
            </param>
            <param index="2">
              <value>
                <![CDATA[Y]]>
              </value>
            </param>
          </params>
          <reporter-output>
          </reporter-output>
        </test-method> <!-- loginTest -->
        <test-method is-config="true" signature="closeBrowser()[pri:0, instance:login.LoginTest@58ea606c]" started-at="2020-04-08T00:14:09 IST" name="closeBrowser" finished-at="2020-04-08T00:14:10 IST" duration-ms="595" status="PASS">
          <reporter-output>
          </reporter-output>
        </test-method> <!-- closeBrowser -->
      </class> <!-- login.LoginTest -->
    </test> <!-- Surefire test -->
  </suite> <!-- Surefire suite -->
</testng-results>
