<?xml version="1.0" encoding="UTF-8"?>
<testng-results ignored="0" total="4" passed="4" failed="0" skipped="0">
  <reporter-output>
  </reporter-output>
  <suite started-at="2020-04-12T00:31:11 IST" name="Regression Suite" finished-at="2020-04-12T00:32:07 IST" duration-ms="56419">
    <groups>
    </groups>
    <test started-at="2020-04-12T00:31:11 IST" name="LoginTest" finished-at="2020-04-12T00:31:36 IST" duration-ms="24963">
      <class name="login.LoginTest">
        <test-method is-config="true" signature="launchBrowser()[pri:0, instance:login.LoginTest@d9345cd]" started-at="2020-04-12T00:31:11 IST" name="launchBrowser" finished-at="2020-04-12T00:31:20 IST" duration-ms="9533" status="PASS">
          <reporter-output>
          </reporter-output>
        </test-method> <!-- launchBrowser -->
        <test-method is-config="true" signature="beforeClass()[pri:0, instance:login.LoginTest@d9345cd]" started-at="2020-04-12T00:31:20 IST" name="beforeClass" finished-at="2020-04-12T00:31:24 IST" duration-ms="3252" status="PASS">
          <reporter-output>
          </reporter-output>
        </test-method> <!-- beforeClass -->
        <test-method signature="loginTest(java.lang.String, java.lang.String, java.lang.String)[pri:0, instance:login.LoginTest@d9345cd]" started-at="2020-04-12T00:31:24 IST" name="loginTest" data-provider="testData" finished-at="2020-04-12T00:31:30 IST" duration-ms="6501" status="PASS">
          <params>
            <param index="0">
              <value>
                <![CDATA[vinod]]>
              </value>
            </param>
            <param index="1">
              <value>
                <![CDATA[tester123]]>
              </value>
            </param>
            <param index="2">
              <value>
                <![CDATA[Y]]>
              </value>
            </param>
          </params>
          <reporter-output>
          </reporter-output>
        </test-method> <!-- loginTest -->
        <test-method signature="loginTest(java.lang.String, java.lang.String, java.lang.String)[pri:0, instance:login.LoginTest@d9345cd]" started-at="2020-04-12T00:31:30 IST" name="loginTest" data-provider="testData" finished-at="2020-04-12T00:31:35 IST" duration-ms="4684" status="PASS">
          <params>
            <param index="0">
              <value>
                <![CDATA[vinod]]>
              </value>
            </param>
            <param index="1">
              <value>
                <![CDATA[tester123]]>
              </value>
            </param>
            <param index="2">
              <value>
                <![CDATA[Y]]>
              </value>
            </param>
          </params>
          <reporter-output>
          </reporter-output>
        </test-method> <!-- loginTest -->
        <test-method is-config="true" signature="closeBrowser()[pri:0, instance:login.LoginTest@d9345cd]" started-at="2020-04-12T00:31:35 IST" name="closeBrowser" finished-at="2020-04-12T00:31:36 IST" duration-ms="591" status="PASS">
          <reporter-output>
          </reporter-output>
        </test-method> <!-- closeBrowser -->
      </class> <!-- login.LoginTest -->
    </test> <!-- LoginTest -->
    <test started-at="2020-04-12T00:31:36 IST" name="CreatesClients" finished-at="2020-04-12T00:32:07 IST" duration-ms="31434">
      <class name="clients.CreatesClients">
        <test-method is-config="true" signature="launchBrowser()[pri:0, instance:clients.CreatesClients@18df8434]" started-at="2020-04-12T00:31:36 IST" name="launchBrowser" finished-at="2020-04-12T00:31:45 IST" duration-ms="9133" status="PASS">
          <reporter-output>
          </reporter-output>
        </test-method> <!-- launchBrowser -->
        <test-method is-config="true" signature="beforeClass()[pri:0, instance:clients.CreatesClients@18df8434]" started-at="2020-04-12T00:31:45 IST" name="beforeClass" finished-at="2020-04-12T00:31:48 IST" duration-ms="3429" status="PASS">
          <reporter-output>
          </reporter-output>
        </test-method> <!-- beforeClass -->
        <test-method signature="testCreateClient(java.lang.String, java.lang.String, java.lang.String, java.lang.String, java.lang.String, java.lang.String, java.lang.String, java.lang.String, java.lang.String, java.lang.String)[pri:0, instance:clients.CreatesClients@18df8434]" started-at="2020-04-12T00:31:48 IST" name="testCreateClient" data-provider="testData" finished-at="2020-04-12T00:31:59 IST" duration-ms="10162" status="PASS">
          <params>
            <param index="0">
              <value>
                <![CDATA[vinod]]>
              </value>
            </param>
            <param index="1">
              <value>
                <![CDATA[tester123]]>
              </value>
            </param>
            <param index="2">
              <value>
                <![CDATA[Amritha]]>
              </value>
            </param>
            <param index="3">
              <value>
                <![CDATA[Ernakulam]]>
              </value>
            </param>
            <param index="4">
              <value>
                <![CDATA[682011]]>
              </value>
            </param>
            <param index="5">
              <value>
                <![CDATA[Kerala]]>
              </value>
            </param>
            <param index="6">
              <value>
                <![CDATA[1999999990]]>
              </value>
            </param>
            <param index="7">
              <value>
                <![CDATA[amritha@gmail.com]]>
              </value>
            </param>
            <param index="8">
              <value>
                <![CDATA[truea]]>
              </value>
            </param>
            <param index="9">
              <value>
                <![CDATA[Y]]>
              </value>
            </param>
          </params>
          <reporter-output>
          </reporter-output>
        </test-method> <!-- testCreateClient -->
        <test-method signature="testCreateClient(java.lang.String, java.lang.String, java.lang.String, java.lang.String, java.lang.String, java.lang.String, java.lang.String, java.lang.String, java.lang.String, java.lang.String)[pri:0, instance:clients.CreatesClients@18df8434]" started-at="2020-04-12T00:31:59 IST" name="testCreateClient" data-provider="testData" finished-at="2020-04-12T00:32:07 IST" duration-ms="8066" status="PASS">
          <params>
            <param index="0">
              <value>
                <![CDATA[vinod]]>
              </value>
            </param>
            <param index="1">
              <value>
                <![CDATA[tester123]]>
              </value>
            </param>
            <param index="2">
              <value>
                <![CDATA[Sajeesh]]>
              </value>
            </param>
            <param index="3">
              <value>
                <![CDATA[Trivandrum]]>
              </value>
            </param>
            <param index="4">
              <value>
                <![CDATA[695306]]>
              </value>
            </param>
            <param index="5">
              <value>
                <![CDATA[Kerala]]>
              </value>
            </param>
            <param index="6">
              <value>
                <![CDATA[2000000001]]>
              </value>
            </param>
            <param index="7">
              <value>
                <![CDATA[sajeesh@gmail.com]]>
              </value>
            </param>
            <param index="8">
              <value>
                <![CDATA[truea]]>
              </value>
            </param>
            <param index="9">
              <value>
                <![CDATA[Y]]>
              </value>
            </param>
          </params>
          <reporter-output>
          </reporter-output>
        </test-method> <!-- testCreateClient -->
        <test-method is-config="true" signature="closeBrowser()[pri:0, instance:clients.CreatesClients@18df8434]" started-at="2020-04-12T00:32:07 IST" name="closeBrowser" finished-at="2020-04-12T00:32:07 IST" duration-ms="601" status="PASS">
          <reporter-output>
          </reporter-output>
        </test-method> <!-- closeBrowser -->
      </class> <!-- clients.CreatesClients -->
    </test> <!-- CreatesClients -->
  </suite> <!-- Regression Suite -->
</testng-results>
